[2013-03-20 12:50:52] START
[2013-03-20 12:51:43] CREATE default/note.html: 0
[2013-03-20 20:37:46] EDIT project/controllers/default.py: 2
[2013-03-20 21:11:57] EDIT project/views/default/note.html: 1
[2013-03-20 21:12:03] EDIT project/views/default/note.html: 0
[2013-03-20 21:12:33] EDIT project/views/default/note.html: 0
[2013-03-20 21:12:56] EDIT project/views/default/note.html: -1
[2013-03-20 22:04:30] EDIT project/views/default/note.html: 0
[2013-03-20 22:16:30] EDIT project/views/default/note.html: 0
[2013-03-20 22:16:42] EDIT project/views/default/note.html: 0
[2013-03-20 22:18:38] EDIT project/views/default/note.html: 0
[2013-03-20 22:19:13] EDIT project/views/default/note.html: 0
[2013-03-20 22:19:47] EDIT project/views/default/note.html: 0
[2013-03-20 22:21:34] EDIT project/views/default/note.html: 0
[2013-03-20 22:30:33] EDIT project/models/db.py: 1
[2013-03-20 22:59:18] EDIT project/models/db.py: 0
[2013-03-20 23:12:03] EDIT project/models/db.py: 4
[2013-03-20 23:20:00] EDIT project/views/default/note.html: 0
[2013-03-20 23:28:19] EDIT project/views/default/note.html: 0
[2013-03-20 23:30:00] EDIT project/views/default/note.html: 0
[2013-03-20 23:32:08] EDIT project/models/db.py: 0
[2013-03-20 23:32:45] EDIT project/models/db.py: 0
[2013-03-20 23:32:46] EDIT project/models/db.py: 0
[2013-03-20 23:32:47] EDIT project/models/db.py: 0
[2013-03-20 23:32:47] EDIT project/models/db.py: 0
[2013-03-20 23:32:47] EDIT project/models/db.py: 0
[2013-03-20 23:32:47] EDIT project/models/db.py: 0
[2013-03-20 23:32:48] EDIT project/models/db.py: 0
[2013-03-20 23:32:48] EDIT project/models/db.py: 0
[2013-03-20 23:32:55] EDIT project/models/db.py: 0
[2013-03-20 23:49:53] EDIT project/models/db.py: 0
[2013-03-20 23:57:36] EDIT project/controllers/default.py: 0
[2013-03-20 23:58:16] EDIT project/controllers/default.py: 0
[2013-03-20 23:59:17] EDIT project/controllers/default.py: 0
[2013-03-21 00:09:54] EDIT project/models/db.py: 0
[2013-03-21 02:08:15] CREATE default/display.html: 0
[2013-03-21 02:08:31] EDIT project/views/default/display.html: 1
[2013-03-21 02:16:46] EDIT project/views/default/display.html: -1
[2013-03-21 02:17:47] EDIT project/views/default/display.html: 0
[2013-03-21 02:26:03] EDIT project/views/default/display.html: -2
[2013-03-21 02:28:07] EDIT project/views/default/display.html: 43
[2013-03-21 02:32:31] EDIT project/views/default/display.html: 0
[2013-03-21 02:32:31] EDIT project/views/default/display.html: 0
[2013-03-21 02:32:32] EDIT project/views/default/display.html: 0
[2013-03-21 02:39:44] EDIT project/controllers/default.py: 0
[2013-03-21 02:39:46] EDIT project/controllers/default.py: 0
[2013-03-21 02:39:48] EDIT project/controllers/default.py: 0
[2013-03-21 02:45:21] EDIT project/views/default/display.html: 1
[2013-03-21 02:46:00] EDIT project/views/default/display.html: 0
[2013-03-21 02:51:20] EDIT project/views/default/display.html: 0
[2013-03-21 02:52:50] EDIT project/views/default/display.html: 0
[2013-03-21 03:13:35] EDIT project/controllers/default.py: 0
[2013-03-21 03:13:35] EDIT project/controllers/default.py: 0
[2013-03-21 03:13:36] EDIT project/controllers/default.py: 0
[2013-03-21 16:47:33] EDIT project/views/default/note.html: 2
[2013-03-21 16:51:43] EDIT project/views/default/note.html: -2
[2013-03-21 16:51:43] EDIT project/views/default/note.html: 0
[2013-03-21 16:52:56] EDIT project/models/db.py: 0
[2013-03-21 16:55:43] EDIT project/models/db.py: 0
[2013-03-21 16:55:44] EDIT project/models/db.py: 0
[2013-03-21 16:56:02] EDIT project/models/db.py: 0
[2013-03-21 17:01:47] EDIT project/models/db.py: 0
[2013-03-21 17:01:47] EDIT project/models/db.py: 0
[2013-03-21 17:23:36] EDIT project/views/default/note.html: 0
[2013-03-21 17:24:35] EDIT project/views/default/note.html: 0
[2013-03-21 17:25:31] EDIT project/views/default/note.html: 0
[2013-03-21 17:27:21] EDIT project/views/default/note.html: 0
[2013-03-21 17:28:10] EDIT project/views/default/note.html: 0
[2013-03-21 17:28:42] EDIT project/views/default/note.html: 0
[2013-03-21 17:30:10] EDIT project/views/default/note.html: -9
[2013-03-21 17:30:10] EDIT project/views/default/note.html: 0
[2013-03-21 17:30:11] EDIT project/views/default/note.html: 0
[2013-03-21 17:32:29] EDIT project/views/default/note.html: 0
[2013-03-21 17:36:01] EDIT project/views/default/note.html: 0
[2013-03-21 17:36:01] EDIT project/views/default/note.html: 0
[2013-03-21 17:36:01] EDIT project/views/default/note.html: 0
[2013-03-21 17:36:02] EDIT project/views/default/note.html: 0
[2013-03-21 17:36:02] EDIT project/views/default/note.html: 0
[2013-03-21 17:36:02] EDIT project/views/default/note.html: 0
[2013-03-21 17:36:02] EDIT project/views/default/note.html: 0
[2013-03-21 17:39:41] EDIT project/views/default/note.html: 0
[2013-03-21 17:40:51] EDIT project/views/default/note.html: 0
[2013-03-21 17:41:05] EDIT project/views/default/note.html: 0
[2013-03-21 17:41:17] EDIT project/views/default/note.html: 0
[2013-03-21 17:43:23] EDIT project/views/default/note.html: 0
[2013-03-21 17:45:24] EDIT project/views/default/note.html: 0
[2013-03-21 17:46:09] EDIT project/views/default/note.html: 0
[2013-03-21 17:47:29] EDIT project/views/default/note.html: 0
[2013-03-21 17:50:00] EDIT project/views/default/note.html: 0
[2013-03-21 17:50:15] EDIT project/views/default/note.html: 0
[2013-03-21 17:51:05] EDIT project/views/default/note.html: 0
[2013-03-21 17:52:25] EDIT project/views/default/note.html: 0
[2013-03-21 17:53:14] EDIT project/views/default/note.html: 0
[2013-03-21 17:55:44] EDIT project/views/default/display.html: 0
[2013-03-21 17:56:22] EDIT project/views/default/display.html: 0
[2013-03-21 23:07:46] EDIT project/views/default/display.html: 4
[2013-03-24 19:43:42] EDIT project/models/db.py: 0
[2013-03-24 19:43:59] EDIT project/models/db.py: 0
[2013-03-24 19:46:15] EDIT project/models/db.py: 0
[2013-03-24 19:46:16] EDIT project/models/db.py: 0
[2013-03-24 19:53:05] EDIT project/controllers/default.py: 1
[2013-04-13 12:56:35] EDIT cataminder/models/db.py: 2
